<?xml version="1.0" encoding="UTF-8"?>
<!-- Generated by org.testng.reporters.JUnitReportReporter -->
<testsuite hostname="RCCHN0080" name="Test.Initiate" tests="1" failures="0" timestamp="30 Mar 2018 05:50:33 GMT" time="174.028" errors="0">
  <testcase name="checkHome" time="174.028" classname="Test.Initiate"/>
</testsuite> <!-- Test.Initiate -->
