<?xml version="1.0" encoding="UTF-8"?>
<!-- Generated by org.testng.reporters.JUnitReportReporter -->
<testsuite hostname="WIN-JENKINST81SCFS" name="Test.New" tests="1" failures="0" timestamp="3 Sep 2017 14:31:09 GMT" time="19.740" errors="0">
  <testcase name="chk" time="19.740" classname="Test.New"/>
</testsuite> <!-- Test.New -->
