<?xml version="1.0" encoding="UTF-8"?>
<!-- Generated by org.testng.reporters.JUnitReportReporter -->
<testsuite hostname="WIN-JENKINST81SCFS" name="Test.TC1" tests="2" failures="0" timestamp="4 Sep 2017 05:37:43 GMT" time="34.862" errors="0">
  <testcase name="checkFail" time="0.014" classname="Test.TC1"/>
  <testcase name="checkHome" time="34.848" classname="Test.TC1"/>
</testsuite> <!-- Test.TC1 -->
