<?xml version="1.0" encoding="UTF-8"?>
<!-- Generated by org.testng.reporters.JUnitReportReporter -->
<testsuite hostname="WIN-JENKINST81SCFS" name="Test.Initiate" tests="1" failures="1" timestamp="18 Dec 2017 16:17:53 GMT" time="324.664" errors="0">
  <testcase name="checkHome" time="324.664" classname="Test.Initiate">
    <failure type="org.openqa.selenium.UnhandledAlertException" message=": 
Build info: version: &#039;3.4.0&#039;, revision: &#039;unknown&#039;, time: &#039;unknown&#039;
System info: host: &#039;WIN-JENKINST81S&#039;, ip: &#039;192.168.56.1&#039;, os.name: &#039;Windows Server 2012 R2&#039;, os.arch: &#039;amd64&#039;, os.version: &#039;6.3&#039;, java.version: &#039;1.8.0_112&#039;
Driver info: org.openqa.selenium.firefox.FirefoxDriver
Capabilities [{moz:profile=C:\Users\MADHUS~1\AppData\Local\Temp\3\rust_mozprofile.5b6zINlZCpCz, rotatable=false, timeouts={implicit=0.0, pageLoad=300000.0, script=30000.0}, pageLoadStrategy=normal, platform=ANY, specificationLevel=0.0, moz:accessibilityChecks=false, acceptInsecureCerts=true, browserVersion=55.0.3, platformVersion=6.3, moz:processID=13176.0, browserName=firefox, javascriptEnabled=true, platformName=windows_nt}]
Session ID: 429855f8-0bc1-40af-92ef-0dbae784eca9
*** Element info: {Using=xpath, value=//*[@id=&#039;WC_MyAccountSidebarDisplayf_links_0&#039;]}">
      <![CDATA[org.openqa.selenium.UnhandledAlertException: : 
Build info: version: '3.4.0', revision: 'unknown', time: 'unknown'
System info: host: 'WIN-JENKINST81S', ip: '192.168.56.1', os.name: 'Windows Server 2012 R2', os.arch: 'amd64', os.version: '6.3', java.version: '1.8.0_112'
Driver info: org.openqa.selenium.firefox.FirefoxDriver
Capabilities [{moz:profile=C:\Users\MADHUS~1\AppData\Local\Temp\3\rust_mozprofile.5b6zINlZCpCz, rotatable=false, timeouts={implicit=0.0, pageLoad=300000.0, script=30000.0}, pageLoadStrategy=normal, platform=ANY, specificationLevel=0.0, moz:accessibilityChecks=false, acceptInsecureCerts=true, browserVersion=55.0.3, platformVersion=6.3, moz:processID=13176.0, browserName=firefox, javascriptEnabled=true, platformName=windows_nt}]
Session ID: 429855f8-0bc1-40af-92ef-0dbae784eca9
*** Element info: {Using=xpath, value=//*[@id='WC_MyAccountSidebarDisplayf_links_0']}
	at org.openqa.selenium.remote.http.W3CHttpResponseCodec.decode(W3CHttpResponseCodec.java:113)
	at org.openqa.selenium.remote.http.W3CHttpResponseCodec.decode(W3CHttpResponseCodec.java:45)
	at org.openqa.selenium.remote.HttpCommandExecutor.execute(HttpCommandExecutor.java:164)
	at org.openqa.selenium.remote.service.DriverCommandExecutor.execute(DriverCommandExecutor.java:82)
	at org.openqa.selenium.remote.RemoteWebDriver.execute(RemoteWebDriver.java:637)
	at org.openqa.selenium.remote.RemoteWebDriver.findElement(RemoteWebDriver.java:410)
	at org.openqa.selenium.remote.RemoteWebDriver.findElementByXPath(RemoteWebDriver.java:509)
	at org.openqa.selenium.By$ByXPath.findElement(By.java:361)
	at org.openqa.selenium.remote.RemoteWebDriver.findElement(RemoteWebDriver.java:402)
	at Test.Browser$4.apply(Browser.java:1110)
	at Test.Browser$4.apply(Browser.java:1)
	at org.openqa.selenium.support.ui.FluentWait.until(FluentWait.java:209)
	at Test.Browser.waitForPageElementToLoad(Browser.java:1103)
	at Test.Browser.waitForPageElementToLoad(Browser.java:1085)
	at Test.Browser.findTheElement(Browser.java:229)
	at Test.Browser.click(Browser.java:265)
	at Test.PERSONAL_INFO.verify_displayedInfo(PERSONAL_INFO.java:156)
	at Test.PERSONAL_INFO.executeAllTestcase(PERSONAL_INFO.java:64)
	at Test.Initiate.chkPersonalInfo(Initiate.java:78)
	at Test.Initiate.checkHome(Initiate.java:61)
	at sun.reflect.NativeMethodAccessorImpl.invoke0(Native Method)
	at sun.reflect.NativeMethodAccessorImpl.invoke(NativeMethodAccessorImpl.java:62)
	at sun.reflect.DelegatingMethodAccessorImpl.invoke(DelegatingMethodAccessorImpl.java:43)
	at java.lang.reflect.Method.invoke(Method.java:498)
	at org.testng.internal.MethodInvocationHelper.invokeMethod(MethodInvocationHelper.java:84)
	at org.testng.internal.Invoker.invokeMethod(Invoker.java:714)
	at org.testng.internal.Invoker.invokeTestMethod(Invoker.java:901)
	at org.testng.internal.Invoker.invokeTestMethods(Invoker.java:1231)
	at org.testng.internal.TestMethodWorker.invokeTestMethods(TestMethodWorker.java:127)
	at org.testng.internal.TestMethodWorker.run(TestMethodWorker.java:111)
	at java.util.concurrent.ThreadPoolExecutor.runWorker(ThreadPoolExecutor.java:1142)
	at java.util.concurrent.ThreadPoolExecutor$Worker.run(ThreadPoolExecutor.java:617)
	at java.lang.Thread.run(Thread.java:745)
]]>
    </failure>
  </testcase> <!-- checkHome -->
</testsuite> <!-- Test.Initiate -->
