<?xml version="1.0" encoding="UTF-8"?>
<!-- Generated by org.testng.reporters.JUnitReportReporter -->
<testsuite hostname="RCCHN0080" name="Test.Initiate" tests="1" failures="0" timestamp="16 Mar 2018 13:45:52 GMT" time="439.488" errors="0">
  <testcase name="checkHome" time="439.488" classname="Test.Initiate"/>
</testsuite> <!-- Test.Initiate -->
