<?xml version="1.0" encoding="UTF-8"?>
<!-- Generated by org.testng.reporters.JUnitReportReporter -->
<testsuite hostname="RCCHN0080" name="Test.Initiate" tests="1" failures="0" timestamp="28 Feb 2018 15:14:47 GMT" time="390.361" errors="0">
  <testcase name="checkHome" time="390.361" classname="Test.Initiate"/>
</testsuite> <!-- Test.Initiate -->
