<?xml version="1.0" encoding="UTF-8"?>
<!-- Generated by org.testng.reporters.JUnitReportReporter -->
<testsuite hostname="WIN-JENKINST81SCFS" name="Test.Initiate" tests="1" failures="0" timestamp="8 Sep 2017 19:45:04 GMT" time="82.926" errors="0">
  <testcase name="checkHome" time="82.926" classname="Test.Initiate"/>
</testsuite> <!-- Test.Initiate -->
