<?xml version="1.0" encoding="UTF-8"?>
<!-- Generated by org.testng.reporters.JUnitReportReporter -->
<testsuite hostname="WIN-JENKINST81SCFS" name="Test.Initiate" tests="1" failures="0" timestamp="19 Dec 2017 11:35:22 GMT" time="749.944" errors="0">
  <testcase name="checkHome" time="749.944" classname="Test.Initiate"/>
</testsuite> <!-- Test.Initiate -->
