<?xml version="1.0" encoding="UTF-8"?>
<!-- Generated by org.testng.reporters.JUnitReportReporter -->
<testsuite hostname="WIN-JENKINST81SCFS" name="Test.Initiate" tests="1" failures="0" timestamp="11 Sep 2017 16:26:44 GMT" time="77.550" errors="0">
  <testcase name="checkHome" time="77.550" classname="Test.Initiate"/>
</testsuite> <!-- Test.Initiate -->
