<?xml version="1.0" encoding="UTF-8"?>
<!-- Generated by org.testng.reporters.JUnitReportReporter -->
<testsuite hostname="WIN-JENKINST81SCFS" name="Test.CC_Load" tests="1" failures="0" timestamp="3 Sep 2017 23:18:02 GMT" time="20.175" errors="0">
  <testcase name="chk" time="20.175" classname="Test.CC_Load"/>
</testsuite> <!-- Test.CC_Load -->
