<?xml version="1.0" encoding="UTF-8"?>
<!-- Generated by org.testng.reporters.JUnitReportReporter -->
<testsuite hostname="WIN-JENKINST81SCFS" name="Test.Initiate" tests="1" failures="0" timestamp="8 Sep 2017 14:37:37 GMT" time="140.597" errors="0">
  <testcase name="checkHome" time="140.597" classname="Test.Initiate"/>
</testsuite> <!-- Test.Initiate -->
