<?xml version="1.0" encoding="UTF-8"?>
<!-- Generated by org.testng.reporters.JUnitReportReporter -->
<testsuite hostname="WIN-JENKINST81SCFS" name="Test.Initiate" tests="1" failures="0" timestamp="26 Sep 2017 01:55:02 GMT" time="592.787" errors="0">
  <testcase name="checkHome" time="592.787" classname="Test.Initiate"/>
</testsuite> <!-- Test.Initiate -->
