<?xml version="1.0" encoding="UTF-8"?>
<!-- Generated by org.testng.reporters.JUnitReportReporter -->
<testsuite hostname="WIN-JENKINST81SCFS" name="Test.CC_Load" tests="1" failures="0" timestamp="4 Sep 2017 05:25:41 GMT" time="66.821" errors="0">
  <testcase name="chk" time="66.821" classname="Test.CC_Load"/>
</testsuite> <!-- Test.CC_Load -->
