<?xml version="1.0" encoding="UTF-8"?>
<!-- Generated by org.testng.reporters.JUnitReportReporter -->
<testsuite hostname="WIN-JENKINST81SCFS" name="Test.Initiate" tests="1" failures="1" timestamp="16 Sep 2017 19:38:42 GMT" time="69.543" errors="0">
  <testcase name="checkHome" time="69.543" classname="Test.Initiate">
    <failure type="org.openqa.selenium.TimeoutException" message="Expected condition failed: waiting for Test.Browser$4@42337db7 (tried for 60 second(s) with 5 MILLISECONDS interval)
Build info: version: &#039;3.4.0&#039;, revision: &#039;unknown&#039;, time: &#039;unknown&#039;
System info: host: &#039;WIN-JENKINST81S&#039;, ip: &#039;192.168.56.1&#039;, os.name: &#039;Windows Server 2012 R2&#039;, os.arch: &#039;amd64&#039;, os.version: &#039;6.3&#039;, java.version: &#039;1.8.0_112&#039;
Driver info: org.openqa.selenium.firefox.FirefoxDriver
Capabilities [{moz:profile=C:\Users\MADHUS~1\AppData\Local\Temp\2\rust_mozprofile.SeysG5dydAxW, rotatable=false, timeouts={implicit=0.0, pageLoad=300000.0, script=30000.0}, pageLoadStrategy=normal, platform=ANY, specificationLevel=0.0, moz:accessibilityChecks=false, acceptInsecureCerts=true, browserVersion=55.0.3, platformVersion=6.3, moz:processID=11964.0, browserName=firefox, javascriptEnabled=true, platformName=windows_nt}]
Session ID: d3281fa1-550f-42a1-bcc2-3cf330b1caf4">
      <![CDATA[org.openqa.selenium.TimeoutException: Expected condition failed: waiting for Test.Browser$4@42337db7 (tried for 60 second(s) with 5 MILLISECONDS interval)
Build info: version: '3.4.0', revision: 'unknown', time: 'unknown'
System info: host: 'WIN-JENKINST81S', ip: '192.168.56.1', os.name: 'Windows Server 2012 R2', os.arch: 'amd64', os.version: '6.3', java.version: '1.8.0_112'
Driver info: org.openqa.selenium.firefox.FirefoxDriver
Capabilities [{moz:profile=C:\Users\MADHUS~1\AppData\Local\Temp\2\rust_mozprofile.SeysG5dydAxW, rotatable=false, timeouts={implicit=0.0, pageLoad=300000.0, script=30000.0}, pageLoadStrategy=normal, platform=ANY, specificationLevel=0.0, moz:accessibilityChecks=false, acceptInsecureCerts=true, browserVersion=55.0.3, platformVersion=6.3, moz:processID=11964.0, browserName=firefox, javascriptEnabled=true, platformName=windows_nt}]
Session ID: d3281fa1-550f-42a1-bcc2-3cf330b1caf4
	at org.openqa.selenium.support.ui.WebDriverWait.timeoutException(WebDriverWait.java:80)
	at org.openqa.selenium.support.ui.FluentWait.until(FluentWait.java:232)
	at Test.Browser.waitForPageElementToLoad(Browser.java:1103)
	at Test.Browser.waitForPageElementToLoad(Browser.java:1085)
	at Test.Browser.findTheElement(Browser.java:229)
	at Test.Browser.click(Browser.java:265)
	at Test.Registration.checkFields(Registration.java:44)
	at Test.Registration.executeAllTest(Registration.java:22)
	at Test.Initiate.checkRegistration(Initiate.java:72)
	at Test.Initiate.checkHome(Initiate.java:59)
	at sun.reflect.NativeMethodAccessorImpl.invoke0(Native Method)
	at sun.reflect.NativeMethodAccessorImpl.invoke(NativeMethodAccessorImpl.java:62)
	at sun.reflect.DelegatingMethodAccessorImpl.invoke(DelegatingMethodAccessorImpl.java:43)
	at java.lang.reflect.Method.invoke(Method.java:498)
	at org.testng.internal.MethodInvocationHelper.invokeMethod(MethodInvocationHelper.java:84)
	at org.testng.internal.Invoker.invokeMethod(Invoker.java:714)
	at org.testng.internal.Invoker.invokeTestMethod(Invoker.java:901)
	at org.testng.internal.Invoker.invokeTestMethods(Invoker.java:1231)
	at org.testng.internal.TestMethodWorker.invokeTestMethods(TestMethodWorker.java:127)
	at org.testng.internal.TestMethodWorker.run(TestMethodWorker.java:111)
	at java.util.concurrent.ThreadPoolExecutor.runWorker(ThreadPoolExecutor.java:1142)
	at java.util.concurrent.ThreadPoolExecutor$Worker.run(ThreadPoolExecutor.java:617)
	at java.lang.Thread.run(Thread.java:745)
]]>
    </failure>
  </testcase> <!-- checkHome -->
</testsuite> <!-- Test.Initiate -->
